[debug] [2024-05-18T16:58:37.795Z] ----------------------------------------------------------------------
[debug] [2024-05-18T16:58:37.797Z] Command:       /opt/homebrew/Cellar/node/22.1.0/bin/node /opt/homebrew/bin/firebase init
[debug] [2024-05-18T16:58:37.797Z] CLI Version:   12.4.7
[debug] [2024-05-18T16:58:37.798Z] Platform:      darwin
[debug] [2024-05-18T16:58:37.798Z] Node Version:  v22.1.0
[debug] [2024-05-18T16:58:37.798Z] Time:          Sat May 18 2024 17:58:37 GMT+0100 (British Summer Time)
[debug] [2024-05-18T16:58:37.798Z] ----------------------------------------------------------------------
[debug] 
[debug] [2024-05-18T16:58:37.804Z] > command requires scopes: ["email","openid","https://www.googleapis.com/auth/cloudplatformprojects.readonly","https://www.googleapis.com/auth/firebase","https://www.googleapis.com/auth/cloud-platform"]
[debug] [2024-05-18T16:58:37.804Z] > authorizing via signed-in user (balintkocsis01@gmail.com)
[info] 
     ######## #### ########  ######## ########     ###     ######  ########
     ##        ##  ##     ## ##       ##     ##  ##   ##  ##       ##
     ######    ##  ########  ######   ########  #########  ######  ######
     ##        ##  ##    ##  ##       ##     ## ##     ##       ## ##
     ##       #### ##     ## ######## ########  ##     ##  ######  ########

You're about to initialize a Firebase project in this directory:

  /Users/balint/playground/exploration

[info] 
=== Project Setup
[info] 
[info] First, let's associate this project directory with a Firebase project.
[info] You can create multiple project aliases by running firebase use --add, 
[info] but for now we'll just set up a default project.
[info] 
[info] i  If you want to create a project in a Google Cloud organization or folder, please use "firebase projects:create" instead, and return to this command when you've created the project. 
[debug] [2024-05-18T16:59:03.276Z] > refreshing access token with scopes: []
[debug] [2024-05-18T16:59:03.279Z] >>> [apiv2][query] POST https://www.googleapis.com/oauth2/v3/token [none]
[debug] [2024-05-18T16:59:03.279Z] >>> [apiv2][body] POST https://www.googleapis.com/oauth2/v3/token [omitted]
[debug] [2024-05-18T16:59:03.466Z] <<< [apiv2][status] POST https://www.googleapis.com/oauth2/v3/token 200
[debug] [2024-05-18T16:59:03.466Z] <<< [apiv2][body] POST https://www.googleapis.com/oauth2/v3/token [omitted]
[debug] [2024-05-18T16:59:03.488Z] >>> [apiv2][query] POST https://cloudresourcemanager.googleapis.com/v1/projects [none]
[debug] [2024-05-18T16:59:03.488Z] >>> [apiv2][body] POST https://cloudresourcemanager.googleapis.com/v1/projects {"projectId":"wonderingaround","name":"wonderingaround"}
[debug] [2024-05-18T16:59:04.378Z] <<< [apiv2][status] POST https://cloudresourcemanager.googleapis.com/v1/projects 200
[debug] [2024-05-18T16:59:04.379Z] <<< [apiv2][body] POST https://cloudresourcemanager.googleapis.com/v1/projects {"name":"operations/cp.7105755839851894435"}
[debug] [2024-05-18T16:59:04.380Z] >>> [apiv2][query] GET https://cloudresourcemanager.googleapis.com/v1/operations/cp.7105755839851894435 [none]
[debug] [2024-05-18T16:59:05.197Z] <<< [apiv2][status] GET https://cloudresourcemanager.googleapis.com/v1/operations/cp.7105755839851894435 200
[debug] [2024-05-18T16:59:05.198Z] <<< [apiv2][body] GET https://cloudresourcemanager.googleapis.com/v1/operations/cp.7105755839851894435 {"name":"operations/cp.7105755839851894435"}
[debug] [2024-05-18T16:59:05.699Z] [Project Creation Poller] Retrying task index 0
[debug] [2024-05-18T16:59:05.700Z] >>> [apiv2][query] GET https://cloudresourcemanager.googleapis.com/v1/operations/cp.7105755839851894435 [none]
[debug] [2024-05-18T16:59:06.119Z] <<< [apiv2][status] GET https://cloudresourcemanager.googleapis.com/v1/operations/cp.7105755839851894435 200
[debug] [2024-05-18T16:59:06.119Z] <<< [apiv2][body] GET https://cloudresourcemanager.googleapis.com/v1/operations/cp.7105755839851894435 {"name":"operations/cp.7105755839851894435"}
[debug] [2024-05-18T16:59:07.121Z] [Project Creation Poller] Retrying task index 0
[debug] [2024-05-18T16:59:07.122Z] >>> [apiv2][query] GET https://cloudresourcemanager.googleapis.com/v1/operations/cp.7105755839851894435 [none]
[debug] [2024-05-18T16:59:07.537Z] <<< [apiv2][status] GET https://cloudresourcemanager.googleapis.com/v1/operations/cp.7105755839851894435 200
[debug] [2024-05-18T16:59:07.538Z] <<< [apiv2][body] GET https://cloudresourcemanager.googleapis.com/v1/operations/cp.7105755839851894435 {"name":"operations/cp.7105755839851894435","metadata":{"@type":"type.googleapis.com/google.cloudresourcemanager.v1.ProjectCreationStatus","gettable":true}}
[debug] [2024-05-18T16:59:09.538Z] [Project Creation Poller] Retrying task index 0
[debug] [2024-05-18T16:59:09.539Z] >>> [apiv2][query] GET https://cloudresourcemanager.googleapis.com/v1/operations/cp.7105755839851894435 [none]
[debug] [2024-05-18T16:59:09.906Z] <<< [apiv2][status] GET https://cloudresourcemanager.googleapis.com/v1/operations/cp.7105755839851894435 200
[debug] [2024-05-18T16:59:09.906Z] <<< [apiv2][body] GET https://cloudresourcemanager.googleapis.com/v1/operations/cp.7105755839851894435 {"name":"operations/cp.7105755839851894435","metadata":{"@type":"type.googleapis.com/google.cloudresourcemanager.v1.ProjectCreationStatus","gettable":true,"ready":true},"done":true,"response":{"@type":"type.googleapis.com/google.cloudresourcemanager.v1.Project","projectNumber":"344874792315","projectId":"wonderingaround","lifecycleState":"ACTIVE","name":"wonderingaround","createTime":"2024-05-18T16:59:06.076220Z"}}
[debug] [2024-05-18T16:59:09.907Z] >>> [apiv2][query] POST https://firebase.googleapis.com/v1beta1/projects/wonderingaround:addFirebase [none]
[debug] [2024-05-18T16:59:13.388Z] <<< [apiv2][status] POST https://firebase.googleapis.com/v1beta1/projects/wonderingaround:addFirebase 200
[debug] [2024-05-18T16:59:13.389Z] <<< [apiv2][body] POST https://firebase.googleapis.com/v1beta1/projects/wonderingaround:addFirebase {"name":"operations/workflows/ZWE4ODU3ZjAtZjc4ZS00Yjk2LWExZjQtZmFkMmNkMDMzNDY4"}
[debug] [2024-05-18T16:59:13.389Z] >>> [apiv2][query] GET https://firebase.googleapis.com/v1beta1/operations/workflows/ZWE4ODU3ZjAtZjc4ZS00Yjk2LWExZjQtZmFkMmNkMDMzNDY4 [none]
[debug] [2024-05-18T16:59:16.708Z] <<< [apiv2][status] GET https://firebase.googleapis.com/v1beta1/operations/workflows/ZWE4ODU3ZjAtZjc4ZS00Yjk2LWExZjQtZmFkMmNkMDMzNDY4 200
[debug] [2024-05-18T16:59:16.708Z] <<< [apiv2][body] GET https://firebase.googleapis.com/v1beta1/operations/workflows/ZWE4ODU3ZjAtZjc4ZS00Yjk2LWExZjQtZmFkMmNkMDMzNDY4 {"name":"operations/workflows/ZWE4ODU3ZjAtZjc4ZS00Yjk2LWExZjQtZmFkMmNkMDMzNDY4"}
[debug] [2024-05-18T16:59:17.208Z] [Add Firebase Poller] Retrying task index 0
[debug] [2024-05-18T16:59:17.208Z] >>> [apiv2][query] GET https://firebase.googleapis.com/v1beta1/operations/workflows/ZWE4ODU3ZjAtZjc4ZS00Yjk2LWExZjQtZmFkMmNkMDMzNDY4 [none]
[debug] [2024-05-18T16:59:17.805Z] <<< [apiv2][status] GET https://firebase.googleapis.com/v1beta1/operations/workflows/ZWE4ODU3ZjAtZjc4ZS00Yjk2LWExZjQtZmFkMmNkMDMzNDY4 200
[debug] [2024-05-18T16:59:17.805Z] <<< [apiv2][body] GET https://firebase.googleapis.com/v1beta1/operations/workflows/ZWE4ODU3ZjAtZjc4ZS00Yjk2LWExZjQtZmFkMmNkMDMzNDY4 {"name":"operations/workflows/ZWE4ODU3ZjAtZjc4ZS00Yjk2LWExZjQtZmFkMmNkMDMzNDY4"}
[debug] [2024-05-18T16:59:18.807Z] [Add Firebase Poller] Retrying task index 0
[debug] [2024-05-18T16:59:18.807Z] >>> [apiv2][query] GET https://firebase.googleapis.com/v1beta1/operations/workflows/ZWE4ODU3ZjAtZjc4ZS00Yjk2LWExZjQtZmFkMmNkMDMzNDY4 [none]
[debug] [2024-05-18T16:59:19.205Z] <<< [apiv2][status] GET https://firebase.googleapis.com/v1beta1/operations/workflows/ZWE4ODU3ZjAtZjc4ZS00Yjk2LWExZjQtZmFkMmNkMDMzNDY4 200
[debug] [2024-05-18T16:59:19.205Z] <<< [apiv2][body] GET https://firebase.googleapis.com/v1beta1/operations/workflows/ZWE4ODU3ZjAtZjc4ZS00Yjk2LWExZjQtZmFkMmNkMDMzNDY4 {"name":"operations/workflows/ZWE4ODU3ZjAtZjc4ZS00Yjk2LWExZjQtZmFkMmNkMDMzNDY4"}
[debug] [2024-05-18T16:59:21.206Z] [Add Firebase Poller] Retrying task index 0
[debug] [2024-05-18T16:59:21.206Z] >>> [apiv2][query] GET https://firebase.googleapis.com/v1beta1/operations/workflows/ZWE4ODU3ZjAtZjc4ZS00Yjk2LWExZjQtZmFkMmNkMDMzNDY4 [none]
[debug] [2024-05-18T16:59:21.608Z] <<< [apiv2][status] GET https://firebase.googleapis.com/v1beta1/operations/workflows/ZWE4ODU3ZjAtZjc4ZS00Yjk2LWExZjQtZmFkMmNkMDMzNDY4 200
[debug] [2024-05-18T16:59:21.608Z] <<< [apiv2][body] GET https://firebase.googleapis.com/v1beta1/operations/workflows/ZWE4ODU3ZjAtZjc4ZS00Yjk2LWExZjQtZmFkMmNkMDMzNDY4 {"name":"operations/workflows/ZWE4ODU3ZjAtZjc4ZS00Yjk2LWExZjQtZmFkMmNkMDMzNDY4"}
[debug] [2024-05-18T16:59:25.610Z] [Add Firebase Poller] Retrying task index 0
[debug] [2024-05-18T16:59:25.610Z] >>> [apiv2][query] GET https://firebase.googleapis.com/v1beta1/operations/workflows/ZWE4ODU3ZjAtZjc4ZS00Yjk2LWExZjQtZmFkMmNkMDMzNDY4 [none]
[debug] [2024-05-18T16:59:26.008Z] <<< [apiv2][status] GET https://firebase.googleapis.com/v1beta1/operations/workflows/ZWE4ODU3ZjAtZjc4ZS00Yjk2LWExZjQtZmFkMmNkMDMzNDY4 200
[debug] [2024-05-18T16:59:26.008Z] <<< [apiv2][body] GET https://firebase.googleapis.com/v1beta1/operations/workflows/ZWE4ODU3ZjAtZjc4ZS00Yjk2LWExZjQtZmFkMmNkMDMzNDY4 {"name":"operations/workflows/ZWE4ODU3ZjAtZjc4ZS00Yjk2LWExZjQtZmFkMmNkMDMzNDY4","done":true,"response":{"@type":"type.googleapis.com/google.firebase.service.v1beta1.FirebaseProject","projectId":"wonderingaround","projectNumber":"344874792315","displayName":"wonderingaround","name":"projects/wonderingaround","resources":{"hostingSite":"wonderingaround"}}}
[info] 
[info] 🎉🎉🎉 Your Firebase project is ready! 🎉🎉🎉
[info] 
[info] Project information:
[info]    - Project ID: wonderingaround
[info]    - Project Name: wonderingaround
[info] 
[info] Firebase console is available at
[info] https://console.firebase.google.com/project/wonderingaround/overview
[info] i  Using project wonderingaround (wonderingaround) 
[info] 
=== Hosting Setup
[info] 
[info] Your public directory is the folder (relative to your project directory) that
[info] will contain Hosting assets to be uploaded with firebase deploy. If you
[info] have a build process for your assets, use your build's output directory.
[info] 
[debug] [2024-05-18T16:59:48.221Z] >>> [apiv2][query] GET https://www.gstatic.com/firebasejs/releases.json [none]
[debug] [2024-05-18T16:59:48.341Z] <<< [apiv2][status] GET https://www.gstatic.com/firebasejs/releases.json 200
[debug] [2024-05-18T16:59:48.341Z] <<< [apiv2][body] GET https://www.gstatic.com/firebasejs/releases.json {"current":{"version":"10.12.0","browserURL":"https://www.gstatic.com/firebasejs/10.12.0/firebase.js","packageURL":"https://www.gstatic.com/firebasejs/10.12.0/firebase.tgz"},"live":{"version":"10.12","browserURL":"https://www.gstatic.com/firebasejs/live/10.12/firebase.js","packageURL":"https://www.gstatic.com/firebasejs/live/10.12/firebase.tgz"},"components":{"analytics":"https://www.gstatic.com/firebasejs/10.12.0/firebase-analytics.js","app":"https://www.gstatic.com/firebasejs/10.12.0/firebase-app.js","app-check":"https://www.gstatic.com/firebasejs/10.12.0/firebase-app-check.js","auth":"https://www.gstatic.com/firebasejs/10.12.0/firebase-auth.js","auth/cordova":"https://www.gstatic.com/firebasejs/10.12.0/firebase-auth/cordova.js","auth/web-extension":"https://www.gstatic.com/firebasejs/10.12.0/firebase-auth/web-extension.js","functions":"https://www.gstatic.com/firebasejs/10.12.0/firebase-functions.js","firestore":"https://www.gstatic.com/firebasejs/10.12.0/firebase-firestore.js","firestore/lite":"https://www.gstatic.com/firebasejs/10.12.0/firebase-firestore/lite.js","installations":"https://www.gstatic.com/firebasejs/10.12.0/firebase-installations.js","storage":"https://www.gstatic.com/firebasejs/10.12.0/firebase-storage.js","performance":"https://www.gstatic.com/firebasejs/10.12.0/firebase-performance.js","remote-config":"https://www.gstatic.com/firebasejs/10.12.0/firebase-remote-config.js","messaging":"https://www.gstatic.com/firebasejs/10.12.0/firebase-messaging.js","messaging/sw":"https://www.gstatic.com/firebasejs/10.12.0/firebase-messaging/sw.js","database":"https://www.gstatic.com/firebasejs/10.12.0/firebase-database.js","vertexai-preview":"https://www.gstatic.com/firebasejs/10.12.0/firebase-vertexai-preview.js","firestore.memory":"https://www.gstatic.com/firebasejs/10.12.0/firebase-firestore.memory.js"}}
[info] ✔  Wrote public/index.html 
[info] 
[info] i  Detected a .git folder at /Users/balint/playground/exploration 
[info] i  Authorizing with GitHub to upload your service account to a GitHub repository's secrets store. 
[info] 
[info] Visit this URL on this device to log in:
[info] https://github.com/login/oauth/authorize?client_id=89cf50f02ac6aaed3484&state=394798938&redirect_uri=http%3A%2F%2Flocalhost%3A9005&scope=read%3Auser%20repo%20public_repo
[info] 
[info] Waiting for authentication...
[debug] [2024-05-18T16:59:49.504Z] >>> [apiv2][query] POST https://github.com/login/oauth/access_token [none]
[debug] [2024-05-18T16:59:49.504Z] >>> [apiv2][body] POST https://github.com/login/oauth/access_token [stream]
[debug] [2024-05-18T16:59:49.817Z] <<< [apiv2][status] POST https://github.com/login/oauth/access_token 200
[debug] [2024-05-18T16:59:49.817Z] <<< [apiv2][body] POST https://github.com/login/oauth/access_token {"access_token":"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","token_type":"bearer","scope":"read:user,repo"}
[debug] [2024-05-18T16:59:49.824Z] >>> [apiv2][query] GET https://api.github.com/user [none]
[debug] [2024-05-18T16:59:50.141Z] <<< [apiv2][status] GET https://api.github.com/user 200
[debug] [2024-05-18T16:59:50.141Z] <<< [apiv2][body] GET https://api.github.com/user {"login":"blintkcsis","id":45124913,"node_id":"MDQ6VXNlcjQ1MTI0OTEz","avatar_url":"https://avatars.githubusercontent.com/u/45124913?v=4","gravatar_id":"","url":"https://api.github.com/users/blintkcsis","html_url":"https://github.com/blintkcsis","followers_url":"https://api.github.com/users/blintkcsis/followers","following_url":"https://api.github.com/users/blintkcsis/following{/other_user}","gists_url":"https://api.github.com/users/blintkcsis/gists{/gist_id}","starred_url":"https://api.github.com/users/blintkcsis/starred{/owner}{/repo}","subscriptions_url":"https://api.github.com/users/blintkcsis/subscriptions","organizations_url":"https://api.github.com/users/blintkcsis/orgs","repos_url":"https://api.github.com/users/blintkcsis/repos","events_url":"https://api.github.com/users/blintkcsis/events{/privacy}","received_events_url":"https://api.github.com/users/blintkcsis/received_events","type":"User","site_admin":false,"name":"Balint Kocsis","company":null,"blog":"","location":null,"email":null,"hireable":null,"bio":null,"twitter_username":null,"public_repos":5,"public_gists":1,"followers":2,"following":3,"created_at":"2018-11-17T14:33:38Z","updated_at":"2024-04-30T10:06:35Z","private_gists":0,"total_private_repos":9,"owned_private_repos":9,"disk_usage":39827,"collaborators":5,"two_factor_authentication":true,"plan":{"name":"free","space":976562499,"collaborators":0,"private_repos":10000}}
[info] 
[info] ✔  Success! Logged into GitHub as blintkcsis 
[info] 
